<?xml version="1.0" encoding="UTF-8"?>
<robot generator="Robot 7.4.2 (Python 3.14.1 on win32)" generated="2026-04-20T15:37:43.991990" rpa="false" schemaversion="5">
<suite id="s1" name="Robotframework-Appium-Smartlocator" source="C:\Projects\robotframework-appium-smartlocator">
<suite id="s1-s1" name="Testeminimo" source="C:\Projects\robotframework-appium-smartlocator\testeminimo.robot">
<test id="s1-s1-t1" name="Teste Biblioteca" line="5">
<kw name="Validar Elemento" owner="appium_smartlocator.SmartMobileLibrary">
<msg time="2026-04-20T15:37:44.184803" level="FAIL">AppiumLibrary não encontrada ou aplicação não aberta. Você chamou Open Application?</msg>
<arg>botão smarth</arg>
<doc>Valida se um elemento está presente na tela dentro de um timeout.</doc>
<status status="FAIL" start="2026-04-20T15:37:44.184422" elapsed="0.008990">AppiumLibrary não encontrada ou aplicação não aberta. Você chamou Open Application?</status>
</kw>
<kw name="Log" owner="BuiltIn">
<arg>Biblioteca carregada com sucesso</arg>
<doc>Logs the given message with the given level.</doc>
<status status="NOT RUN" start="2026-04-20T15:37:44.193882" elapsed="0.000187"/>
</kw>
<status status="FAIL" start="2026-04-20T15:37:44.181911" elapsed="0.012442">AppiumLibrary não encontrada ou aplicação não aberta. Você chamou Open Application?</status>
</test>
<status status="FAIL" start="2026-04-20T15:37:44.037718" elapsed="0.166635"/>
</suite>
<status status="FAIL" start="2026-04-20T15:37:43.997353" elapsed="0.210087"/>
</suite>
<statistics>
<total>
<stat pass="0" fail="1" skip="0">All Tests</stat>
</total>
<tag>
</tag>
<suite>
<stat name="Robotframework-Appium-Smartlocator" id="s1" pass="0" fail="1" skip="0">Robotframework-Appium-Smartlocator</stat>
<stat name="Testeminimo" id="s1-s1" pass="0" fail="1" skip="0">Robotframework-Appium-Smartlocator.Testeminimo</stat>
</suite>
</statistics>
<errors>
</errors>
</robot>
